<<<<<<< HEAD
This is pdfTeX, Version 3.141592653-2.6-1.40.23 (TeX Live 2022/dev) (preloaded format=pdflatex 2022.2.3)  3 FEB 2022 16:13
=======
This is pdfTeX, Version 3.14159265-2.6-1.40.21 (TeX Live 2020) (preloaded format=pdflatex 2020.5.15)  3 FEB 2022 16:31
>>>>>>> e9174550e6e3a231aa9c7572667f6c47600e0929
entering extended mode
 restricted \write18 enabled.
 %&-line parsing enabled.
**paper-jsdse.tex
(./paper-jsdse.tex
<<<<<<< HEAD
LaTeX2e <2021-11-15> patch level 1
L3 programming layer <2022-01-21> (/Users/deeamaliah/Library/TinyTeX/texmf-dist
/tex/latex/base/article.cls
Document Class: article 2021/10/04 v1.4n Standard LaTeX document class
(/Users/deeamaliah/Library/TinyTeX/texmf-dist/tex/latex/base/size12.clo
File: size12.clo 2021/10/04 v1.4n Standard LaTeX file (size option)
)
\c@part=\count185
\c@section=\count186
\c@subsection=\count187
\c@subsubsection=\count188
\c@paragraph=\count189
\c@subparagraph=\count190
\c@figure=\count191
\c@table=\count192
\abovecaptionskip=\skip47
\belowcaptionskip=\skip48
\bibindent=\dimen138
) (/Users/deeamaliah/Library/TinyTeX/texmf-dist/tex/latex/amsmath/amsmath.sty
Package: amsmath 2021/10/15 v2.17l AMS math features
=======
LaTeX2e <2020-02-02> patch level 5
L3 programming layer <2020-05-11>
(/usr/local/texlive/2019/texmf-dist/tex/latex/base/article.cls
Document Class: article 2019/12/20 v1.4l Standard LaTeX document class
(/usr/local/texlive/2019/texmf-dist/tex/latex/base/size12.clo
File: size12.clo 2019/12/20 v1.4l Standard LaTeX file (size option)
)
\c@part=\count167
\c@section=\count168
\c@subsection=\count169
\c@subsubsection=\count170
\c@paragraph=\count171
\c@subparagraph=\count172
\c@figure=\count173
\c@table=\count174
\abovecaptionskip=\skip47
\belowcaptionskip=\skip48
\bibindent=\dimen134
)
(/usr/local/texlive/2019/texmf-dist/tex/latex/amsmath/amsmath.sty
Package: amsmath 2020/01/20 v2.17e AMS math features
>>>>>>> e9174550e6e3a231aa9c7572667f6c47600e0929
\@mathmargin=\skip49

For additional information on amsmath, use the `?' option.
<<<<<<< HEAD
(/Users/deeamaliah/Library/TinyTeX/texmf-dist/tex/latex/amsmath/amstext.sty
Package: amstext 2021/08/26 v2.01 AMS text
(/Users/deeamaliah/Library/TinyTeX/texmf-dist/tex/latex/amsmath/amsgen.sty
File: amsgen.sty 1999/11/30 v2.0 generic functions
\@emptytoks=\toks16
\ex@=\dimen139
)) (/Users/deeamaliah/Library/TinyTeX/texmf-dist/tex/latex/amsmath/amsbsy.sty
Package: amsbsy 1999/11/29 v1.2d Bold Symbols
\pmbraise@=\dimen140
) (/Users/deeamaliah/Library/TinyTeX/texmf-dist/tex/latex/amsmath/amsopn.sty
Package: amsopn 2021/08/26 v2.02 operator names
)
\inf@bad=\count193
LaTeX Info: Redefining \frac on input line 234.
\uproot@=\count194
\leftroot@=\count195
LaTeX Info: Redefining \overline on input line 399.
\classnum@=\count196
\DOTSCASE@=\count197
LaTeX Info: Redefining \ldots on input line 496.
LaTeX Info: Redefining \dots on input line 499.
LaTeX Info: Redefining \cdots on input line 620.
\Mathstrutbox@=\box50
\strutbox@=\box51
\big@size=\dimen141
LaTeX Font Info:    Redeclaring font encoding OML on input line 743.
LaTeX Font Info:    Redeclaring font encoding OMS on input line 744.
\macc@depth=\count198
\c@MaxMatrixCols=\count199
=======
(/usr/local/texlive/2019/texmf-dist/tex/latex/amsmath/amstext.sty
Package: amstext 2000/06/29 v2.01 AMS text

(/usr/local/texlive/2019/texmf-dist/tex/latex/amsmath/amsgen.sty
File: amsgen.sty 1999/11/30 v2.0 generic functions
\@emptytoks=\toks15
\ex@=\dimen135
))
(/usr/local/texlive/2019/texmf-dist/tex/latex/amsmath/amsbsy.sty
Package: amsbsy 1999/11/29 v1.2d Bold Symbols
\pmbraise@=\dimen136
)
(/usr/local/texlive/2019/texmf-dist/tex/latex/amsmath/amsopn.sty
Package: amsopn 2016/03/08 v2.02 operator names
)
\inf@bad=\count175
LaTeX Info: Redefining \frac on input line 227.
\uproot@=\count176
\leftroot@=\count177
LaTeX Info: Redefining \overline on input line 389.
\classnum@=\count178
\DOTSCASE@=\count179
LaTeX Info: Redefining \ldots on input line 486.
LaTeX Info: Redefining \dots on input line 489.
LaTeX Info: Redefining \cdots on input line 610.
\Mathstrutbox@=\box45
\strutbox@=\box46
\big@size=\dimen137
LaTeX Font Info:    Redeclaring font encoding OML on input line 733.
LaTeX Font Info:    Redeclaring font encoding OMS on input line 734.
\macc@depth=\count180
\c@MaxMatrixCols=\count181
>>>>>>> e9174550e6e3a231aa9c7572667f6c47600e0929
\dotsspace@=\muskip16
\c@parentequation=\count266
\dspbrk@lvl=\count267
\tag@help=\toks17
\row@=\count268
\column@=\count269
\maxfields@=\count270
\andhelp@=\toks18
\eqnshift@=\dimen142
\alignsep@=\dimen143
\tagshift@=\dimen144
\tagwidth@=\dimen145
\totwidth@=\dimen146
\lineht@=\dimen147
\@envbody=\toks19
\multlinegap=\skip50
\multlinetaggap=\skip51
<<<<<<< HEAD
\mathdisplay@stack=\toks20
LaTeX Info: Redefining \[ on input line 2938.
LaTeX Info: Redefining \] on input line 2939.
) (/Users/deeamaliah/Library/TinyTeX/texmf-dist/tex/latex/graphics/graphicx.sty
Package: graphicx 2021/09/16 v1.2d Enhanced LaTeX Graphics (DPC,SPQR)
(/Users/deeamaliah/Library/TinyTeX/texmf-dist/tex/latex/graphics/keyval.sty
Package: keyval 2014/10/28 v1.15 key=value parser (DPC)
\KV@toks@=\toks21
) (/Users/deeamaliah/Library/TinyTeX/texmf-dist/tex/latex/graphics/graphics.sty
Package: graphics 2021/03/04 v1.4d Standard LaTeX Graphics (DPC,SPQR)
(/Users/deeamaliah/Library/TinyTeX/texmf-dist/tex/latex/graphics/trig.sty
Package: trig 2021/08/11 v1.11 sin cos tan (DPC)
)
(/Users/deeamaliah/Library/TinyTeX/texmf-dist/tex/latex/graphics-cfg/graphics.c
fg
File: graphics.cfg 2016/06/04 v1.11 sample graphics configuration
)
Package graphics Info: Driver file: pdftex.def on input line 107.

(/Users/deeamaliah/Library/TinyTeX/texmf-dist/tex/latex/graphics-def/pdftex.def
File: pdftex.def 2020/10/05 v1.2a Graphics/color driver for pdftex
))
\Gin@req@height=\dimen148
\Gin@req@width=\dimen149
) (/Users/deeamaliah/Library/TinyTeX/texmf-dist/tex/latex/psfrag/psfrag.sty
=======
\mathdisplay@stack=\toks19
LaTeX Info: Redefining \[ on input line 2859.
LaTeX Info: Redefining \] on input line 2860.
)
(/usr/local/texlive/2019/texmf-dist/tex/latex/graphics/graphicx.sty
Package: graphicx 2019/11/30 v1.2a Enhanced LaTeX Graphics (DPC,SPQR)

(/usr/local/texlive/2019/texmf-dist/tex/latex/graphics/keyval.sty
Package: keyval 2014/10/28 v1.15 key=value parser (DPC)
\KV@toks@=\toks20
)
(/usr/local/texlive/2019/texmf-dist/tex/latex/graphics/graphics.sty
Package: graphics 2019/11/30 v1.4a Standard LaTeX Graphics (DPC,SPQR)

(/usr/local/texlive/2019/texmf-dist/tex/latex/graphics/trig.sty
Package: trig 2016/01/03 v1.10 sin cos tan (DPC)
)
(/usr/local/texlive/2019/texmf-dist/tex/latex/graphics-cfg/graphics.cfg
File: graphics.cfg 2016/06/04 v1.11 sample graphics configuration
)
Package graphics Info: Driver file: pdftex.def on input line 105.

(/usr/local/texlive/2019/texmf-dist/tex/latex/graphics-def/pdftex.def
File: pdftex.def 2018/01/08 v1.0l Graphics/color driver for pdftex
))
\Gin@req@height=\dimen144
\Gin@req@width=\dimen145
)
(/usr/local/texlive/2019/texmf-dist/tex/latex/psfrag/psfrag.sty
>>>>>>> e9174550e6e3a231aa9c7572667f6c47600e0929
Package: psfrag 1998/04/11 v3.04 PSfrag (MCG)
\pfg@pcount=\count271
\pfg@scount=\count272
\pfg@temp=\write3
<<<<<<< HEAD
) (/Users/deeamaliah/Library/TinyTeX/texmf-dist/tex/generic/epsf/epsf.sty
This is `epsf.tex' v2.7.4 <14 February 2011>
\epsffilein=\read2
\epsfframemargin=\dimen150
\epsfframethickness=\dimen151
\epsfrsize=\dimen152
\epsftmp=\dimen153
\epsftsize=\dimen154
\epsfxsize=\dimen155
\epsfysize=\dimen156
\pspoints=\dimen157
) (/Users/deeamaliah/Library/TinyTeX/texmf-dist/tex/latex/tools/enumerate.sty
Package: enumerate 2015/07/23 v3.00 enumerate extensions (DPC)
\@enLab=\toks22
) (/Users/deeamaliah/Library/TinyTeX/texmf-dist/tex/latex/natbib/natbib.sty
=======
)
(/usr/local/texlive/2019/texmf-dist/tex/generic/epsf/epsf.sty
This is `epsf.tex' v2.7.4 <14 February 2011>
\epsffilein=\read2
\epsfframemargin=\dimen146
\epsfframethickness=\dimen147
\epsfrsize=\dimen148
\epsftmp=\dimen149
\epsftsize=\dimen150
\epsfxsize=\dimen151
\epsfysize=\dimen152
\pspoints=\dimen153
) (/usr/local/texlive/2019/texmf-dist/tex/latex/tools/enumerate.sty
Package: enumerate 2015/07/23 v3.00 enumerate extensions (DPC)
\@enLab=\toks21
)
(/usr/local/texlive/2019/texmf-dist/tex/latex/natbib/natbib.sty
>>>>>>> e9174550e6e3a231aa9c7572667f6c47600e0929
Package: natbib 2010/09/13 8.31b (PWD, AO)
\bibhang=\skip52
\bibsep=\skip53
LaTeX Info: Redefining \cite on input line 694.
<<<<<<< HEAD
\c@NAT@ctr=\count273
)
(/Users/deeamaliah/Library/TinyTeX/texmf-dist/tex/latex/tcolorbox/tcolorbox.sty
Package: tcolorbox 2022/01/07 version 5.0.2 text color boxes
(/Users/deeamaliah/Library/TinyTeX/texmf-dist/tex/latex/pgf/basiclayer/pgf.sty
(/Users/deeamaliah/Library/TinyTeX/texmf-dist/tex/latex/pgf/utilities/pgfrcs.st
y
(/Users/deeamaliah/Library/TinyTeX/texmf-dist/tex/generic/pgf/utilities/pgfutil
-common.tex
\pgfutil@everybye=\toks23
\pgfutil@tempdima=\dimen158
\pgfutil@tempdimb=\dimen159

(/Users/deeamaliah/Library/TinyTeX/texmf-dist/tex/generic/pgf/utilities/pgfutil
-common-lists.tex))
(/Users/deeamaliah/Library/TinyTeX/texmf-dist/tex/generic/pgf/utilities/pgfutil
-latex.def
\pgfutil@abb=\box52
)
(/Users/deeamaliah/Library/TinyTeX/texmf-dist/tex/generic/pgf/utilities/pgfrcs.
code.tex (/Users/deeamaliah/Library/TinyTeX/texmf-dist/tex/generic/pgf/pgf.revi
sion.tex)
Package: pgfrcs 2021/05/15 v3.1.9a (3.1.9a)
))
Package: pgf 2021/05/15 v3.1.9a (3.1.9a)

(/Users/deeamaliah/Library/TinyTeX/texmf-dist/tex/latex/pgf/basiclayer/pgfcore.
sty
(/Users/deeamaliah/Library/TinyTeX/texmf-dist/tex/latex/pgf/systemlayer/pgfsys.
sty
(/Users/deeamaliah/Library/TinyTeX/texmf-dist/tex/generic/pgf/systemlayer/pgfsy
s.code.tex
Package: pgfsys 2021/05/15 v3.1.9a (3.1.9a)

(/Users/deeamaliah/Library/TinyTeX/texmf-dist/tex/generic/pgf/utilities/pgfkeys
.code.tex
\pgfkeys@pathtoks=\toks24
\pgfkeys@temptoks=\toks25

(/Users/deeamaliah/Library/TinyTeX/texmf-dist/tex/generic/pgf/utilities/pgfkeys
filtered.code.tex
\pgfkeys@tmptoks=\toks26
=======
\c@NAT@ctr=\count189
)
(/usr/local/texlive/2019/texmf-dist/tex/latex/tcolorbox/tcolorbox.sty
Package: tcolorbox 2020/04/28 version 4.30 text color boxes

(/usr/local/texlive/2019/texmf-dist/tex/latex/pgf/basiclayer/pgf.sty
(/usr/local/texlive/2019/texmf-dist/tex/latex/pgf/utilities/pgfrcs.sty
(/usr/local/texlive/2019/texmf-dist/tex/generic/pgf/utilities/pgfutil-common.te
x
\pgfutil@everybye=\toks22
\pgfutil@tempdima=\dimen154
\pgfutil@tempdimb=\dimen155

(/usr/local/texlive/2019/texmf-dist/tex/generic/pgf/utilities/pgfutil-common-li
sts.tex))
(/usr/local/texlive/2019/texmf-dist/tex/generic/pgf/utilities/pgfutil-latex.def
\pgfutil@abb=\box47
(/usr/local/texlive/2019/texmf-dist/tex/latex/ms/everyshi.sty
Package: everyshi 2001/05/15 v3.00 EveryShipout Package (MS)
))
(/usr/local/texlive/2019/texmf-dist/tex/generic/pgf/utilities/pgfrcs.code.tex
(/usr/local/texlive/2019/texmf-dist/tex/generic/pgf/pgf.revision.tex)
Package: pgfrcs 2020/01/08 v3.1.5b (3.1.5b)
))
Package: pgf 2020/01/08 v3.1.5b (3.1.5b)

(/usr/local/texlive/2019/texmf-dist/tex/latex/pgf/basiclayer/pgfcore.sty
(/usr/local/texlive/2019/texmf-dist/tex/latex/pgf/systemlayer/pgfsys.sty
(/usr/local/texlive/2019/texmf-dist/tex/generic/pgf/systemlayer/pgfsys.code.tex
Package: pgfsys 2020/01/08 v3.1.5b (3.1.5b)
(/usr/local/texlive/2019/texmf-dist/tex/generic/pgf/utilities/pgfkeys.code.tex
\pgfkeys@pathtoks=\toks23
\pgfkeys@temptoks=\toks24

(/usr/local/texlive/2019/texmf-dist/tex/generic/pgf/utilities/pgfkeysfiltered.c
ode.tex
\pgfkeys@tmptoks=\toks25
>>>>>>> e9174550e6e3a231aa9c7572667f6c47600e0929
))
\pgf@x=\dimen160
\pgf@y=\dimen161
\pgf@xa=\dimen162
\pgf@ya=\dimen163
\pgf@xb=\dimen164
\pgf@yb=\dimen165
\pgf@xc=\dimen166
\pgf@yc=\dimen167
\pgf@xd=\dimen168
\pgf@yd=\dimen169
\w@pgf@writea=\write4
\r@pgf@reada=\read3
<<<<<<< HEAD
\c@pgf@counta=\count274
\c@pgf@countb=\count275
\c@pgf@countc=\count276
\c@pgf@countd=\count277
\t@pgf@toka=\toks27
\t@pgf@tokb=\toks28
\t@pgf@tokc=\toks29
\pgf@sys@id@count=\count278

(/Users/deeamaliah/Library/TinyTeX/texmf-dist/tex/generic/pgf/systemlayer/pgf.c
fg
File: pgf.cfg 2021/05/15 v3.1.9a (3.1.9a)
)
Driver file for pgf: pgfsys-pdftex.def

(/Users/deeamaliah/Library/TinyTeX/texmf-dist/tex/generic/pgf/systemlayer/pgfsy
s-pdftex.def
File: pgfsys-pdftex.def 2021/05/15 v3.1.9a (3.1.9a)

(/Users/deeamaliah/Library/TinyTeX/texmf-dist/tex/generic/pgf/systemlayer/pgfsy
s-common-pdf.def
File: pgfsys-common-pdf.def 2021/05/15 v3.1.9a (3.1.9a)
)))
(/Users/deeamaliah/Library/TinyTeX/texmf-dist/tex/generic/pgf/systemlayer/pgfsy
ssoftpath.code.tex
File: pgfsyssoftpath.code.tex 2021/05/15 v3.1.9a (3.1.9a)
\pgfsyssoftpath@smallbuffer@items=\count279
\pgfsyssoftpath@bigbuffer@items=\count280
)
(/Users/deeamaliah/Library/TinyTeX/texmf-dist/tex/generic/pgf/systemlayer/pgfsy
sprotocol.code.tex
File: pgfsysprotocol.code.tex 2021/05/15 v3.1.9a (3.1.9a)
)) (/Users/deeamaliah/Library/TinyTeX/texmf-dist/tex/latex/xcolor/xcolor.sty
Package: xcolor 2021/10/31 v2.13 LaTeX color extensions (UK)
(/Users/deeamaliah/Library/TinyTeX/texmf-dist/tex/latex/graphics-cfg/color.cfg
File: color.cfg 2016/01/02 v1.6 sample color configuration
)
Package xcolor Info: Driver file: pdftex.def on input line 227.
Package xcolor Info: Model `cmy' substituted by `cmy0' on input line 1352.
Package xcolor Info: Model `hsb' substituted by `rgb' on input line 1356.
Package xcolor Info: Model `RGB' extended on input line 1368.
Package xcolor Info: Model `HTML' substituted by `rgb' on input line 1370.
Package xcolor Info: Model `Hsb' substituted by `hsb' on input line 1371.
Package xcolor Info: Model `tHsb' substituted by `hsb' on input line 1372.
Package xcolor Info: Model `HSB' substituted by `hsb' on input line 1373.
Package xcolor Info: Model `Gray' substituted by `gray' on input line 1374.
Package xcolor Info: Model `wave' substituted by `hsb' on input line 1375.
)
(/Users/deeamaliah/Library/TinyTeX/texmf-dist/tex/generic/pgf/basiclayer/pgfcor
e.code.tex
Package: pgfcore 2021/05/15 v3.1.9a (3.1.9a)

(/Users/deeamaliah/Library/TinyTeX/texmf-dist/tex/generic/pgf/math/pgfmath.code
.tex
(/Users/deeamaliah/Library/TinyTeX/texmf-dist/tex/generic/pgf/math/pgfmathcalc.
code.tex
(/Users/deeamaliah/Library/TinyTeX/texmf-dist/tex/generic/pgf/math/pgfmathutil.
code.tex)
(/Users/deeamaliah/Library/TinyTeX/texmf-dist/tex/generic/pgf/math/pgfmathparse
r.code.tex
\pgfmath@dimen=\dimen170
\pgfmath@count=\count281
\pgfmath@box=\box53
\pgfmath@toks=\toks30
\pgfmath@stack@operand=\toks31
\pgfmath@stack@operation=\toks32
)
(/Users/deeamaliah/Library/TinyTeX/texmf-dist/tex/generic/pgf/math/pgfmathfunct
ions.code.tex
(/Users/deeamaliah/Library/TinyTeX/texmf-dist/tex/generic/pgf/math/pgfmathfunct
ions.basic.code.tex)
(/Users/deeamaliah/Library/TinyTeX/texmf-dist/tex/generic/pgf/math/pgfmathfunct
ions.trigonometric.code.tex)
(/Users/deeamaliah/Library/TinyTeX/texmf-dist/tex/generic/pgf/math/pgfmathfunct
ions.random.code.tex)
(/Users/deeamaliah/Library/TinyTeX/texmf-dist/tex/generic/pgf/math/pgfmathfunct
ions.comparison.code.tex)
(/Users/deeamaliah/Library/TinyTeX/texmf-dist/tex/generic/pgf/math/pgfmathfunct
ions.base.code.tex)
(/Users/deeamaliah/Library/TinyTeX/texmf-dist/tex/generic/pgf/math/pgfmathfunct
ions.round.code.tex)
(/Users/deeamaliah/Library/TinyTeX/texmf-dist/tex/generic/pgf/math/pgfmathfunct
ions.misc.code.tex)
(/Users/deeamaliah/Library/TinyTeX/texmf-dist/tex/generic/pgf/math/pgfmathfunct
ions.integerarithmetics.code.tex)))
(/Users/deeamaliah/Library/TinyTeX/texmf-dist/tex/generic/pgf/math/pgfmathfloat
.code.tex
\c@pgfmathroundto@lastzeros=\count282
))
(/Users/deeamaliah/Library/TinyTeX/texmf-dist/tex/generic/pgf/math/pgfint.code.
tex)
(/Users/deeamaliah/Library/TinyTeX/texmf-dist/tex/generic/pgf/basiclayer/pgfcor
epoints.code.tex
File: pgfcorepoints.code.tex 2021/05/15 v3.1.9a (3.1.9a)
\pgf@picminx=\dimen171
\pgf@picmaxx=\dimen172
\pgf@picminy=\dimen173
\pgf@picmaxy=\dimen174
\pgf@pathminx=\dimen175
\pgf@pathmaxx=\dimen176
\pgf@pathminy=\dimen177
\pgf@pathmaxy=\dimen178
\pgf@xx=\dimen179
\pgf@xy=\dimen180
\pgf@yx=\dimen181
\pgf@yy=\dimen182
\pgf@zx=\dimen183
\pgf@zy=\dimen184
)
(/Users/deeamaliah/Library/TinyTeX/texmf-dist/tex/generic/pgf/basiclayer/pgfcor
epathconstruct.code.tex
File: pgfcorepathconstruct.code.tex 2021/05/15 v3.1.9a (3.1.9a)
\pgf@path@lastx=\dimen185
\pgf@path@lasty=\dimen186
)
(/Users/deeamaliah/Library/TinyTeX/texmf-dist/tex/generic/pgf/basiclayer/pgfcor
epathusage.code.tex
File: pgfcorepathusage.code.tex 2021/05/15 v3.1.9a (3.1.9a)
\pgf@shorten@end@additional=\dimen187
\pgf@shorten@start@additional=\dimen188
)
(/Users/deeamaliah/Library/TinyTeX/texmf-dist/tex/generic/pgf/basiclayer/pgfcor
escopes.code.tex
File: pgfcorescopes.code.tex 2021/05/15 v3.1.9a (3.1.9a)
\pgfpic=\box54
\pgf@hbox=\box55
\pgf@layerbox@main=\box56
\pgf@picture@serial@count=\count283
)
(/Users/deeamaliah/Library/TinyTeX/texmf-dist/tex/generic/pgf/basiclayer/pgfcor
egraphicstate.code.tex
File: pgfcoregraphicstate.code.tex 2021/05/15 v3.1.9a (3.1.9a)
\pgflinewidth=\dimen189
)
(/Users/deeamaliah/Library/TinyTeX/texmf-dist/tex/generic/pgf/basiclayer/pgfcor
etransformations.code.tex
File: pgfcoretransformations.code.tex 2021/05/15 v3.1.9a (3.1.9a)
\pgf@pt@x=\dimen190
\pgf@pt@y=\dimen191
\pgf@pt@temp=\dimen192
)
(/Users/deeamaliah/Library/TinyTeX/texmf-dist/tex/generic/pgf/basiclayer/pgfcor
equick.code.tex
File: pgfcorequick.code.tex 2021/05/15 v3.1.9a (3.1.9a)
)
(/Users/deeamaliah/Library/TinyTeX/texmf-dist/tex/generic/pgf/basiclayer/pgfcor
eobjects.code.tex
File: pgfcoreobjects.code.tex 2021/05/15 v3.1.9a (3.1.9a)
)
(/Users/deeamaliah/Library/TinyTeX/texmf-dist/tex/generic/pgf/basiclayer/pgfcor
epathprocessing.code.tex
File: pgfcorepathprocessing.code.tex 2021/05/15 v3.1.9a (3.1.9a)
)
(/Users/deeamaliah/Library/TinyTeX/texmf-dist/tex/generic/pgf/basiclayer/pgfcor
earrows.code.tex
File: pgfcorearrows.code.tex 2021/05/15 v3.1.9a (3.1.9a)
\pgfarrowsep=\dimen193
)
(/Users/deeamaliah/Library/TinyTeX/texmf-dist/tex/generic/pgf/basiclayer/pgfcor
eshade.code.tex
File: pgfcoreshade.code.tex 2021/05/15 v3.1.9a (3.1.9a)
\pgf@max=\dimen194
\pgf@sys@shading@range@num=\count284
\pgf@shadingcount=\count285
)
(/Users/deeamaliah/Library/TinyTeX/texmf-dist/tex/generic/pgf/basiclayer/pgfcor
eimage.code.tex
File: pgfcoreimage.code.tex 2021/05/15 v3.1.9a (3.1.9a)

(/Users/deeamaliah/Library/TinyTeX/texmf-dist/tex/generic/pgf/basiclayer/pgfcor
eexternal.code.tex
File: pgfcoreexternal.code.tex 2021/05/15 v3.1.9a (3.1.9a)
\pgfexternal@startupbox=\box57
))
(/Users/deeamaliah/Library/TinyTeX/texmf-dist/tex/generic/pgf/basiclayer/pgfcor
elayers.code.tex
File: pgfcorelayers.code.tex 2021/05/15 v3.1.9a (3.1.9a)
)
(/Users/deeamaliah/Library/TinyTeX/texmf-dist/tex/generic/pgf/basiclayer/pgfcor
etransparency.code.tex
File: pgfcoretransparency.code.tex 2021/05/15 v3.1.9a (3.1.9a)
)
(/Users/deeamaliah/Library/TinyTeX/texmf-dist/tex/generic/pgf/basiclayer/pgfcor
epatterns.code.tex
File: pgfcorepatterns.code.tex 2021/05/15 v3.1.9a (3.1.9a)
)
(/Users/deeamaliah/Library/TinyTeX/texmf-dist/tex/generic/pgf/basiclayer/pgfcor
erdf.code.tex
File: pgfcorerdf.code.tex 2021/05/15 v3.1.9a (3.1.9a)
)))
(/Users/deeamaliah/Library/TinyTeX/texmf-dist/tex/generic/pgf/modules/pgfmodule
shapes.code.tex
File: pgfmoduleshapes.code.tex 2021/05/15 v3.1.9a (3.1.9a)
\pgfnodeparttextbox=\box58
)
(/Users/deeamaliah/Library/TinyTeX/texmf-dist/tex/generic/pgf/modules/pgfmodule
plot.code.tex
File: pgfmoduleplot.code.tex 2021/05/15 v3.1.9a (3.1.9a)
)
(/Users/deeamaliah/Library/TinyTeX/texmf-dist/tex/latex/pgf/compatibility/pgfco
mp-version-0-65.sty
Package: pgfcomp-version-0-65 2021/05/15 v3.1.9a (3.1.9a)
\pgf@nodesepstart=\dimen195
\pgf@nodesepend=\dimen196
)
(/Users/deeamaliah/Library/TinyTeX/texmf-dist/tex/latex/pgf/compatibility/pgfco
mp-version-1-18.sty
Package: pgfcomp-version-1-18 2021/05/15 v3.1.9a (3.1.9a)
)) (/Users/deeamaliah/Library/TinyTeX/texmf-dist/tex/latex/tools/verbatim.sty
Package: verbatim 2020-07-07 v1.5u LaTeX2e package for verbatim enhancements
\every@verbatim=\toks33
\verbatim@line=\toks34
\verbatim@in@stream=\read4
) (/Users/deeamaliah/Library/TinyTeX/texmf-dist/tex/latex/environ/environ.sty
Package: environ 2014/05/04 v0.3 A new way to define environments

(/Users/deeamaliah/Library/TinyTeX/texmf-dist/tex/latex/trimspaces/trimspaces.s
ty
Package: trimspaces 2009/09/17 v1.1 Trim spaces around a token list
)) (/Users/deeamaliah/Library/TinyTeX/texmf-dist/tex/latex/etoolbox/etoolbox.st
y
Package: etoolbox 2020/10/05 v2.5k e-TeX tools for LaTeX (JAW)
\etb@tempcnta=\count286
)
\tcb@titlebox=\box59
\tcb@upperbox=\box60
\tcb@lowerbox=\box61
\tcb@phantombox=\box62
\c@tcbbreakpart=\count287
\c@tcblayer=\count288
\c@tcolorbox@number=\count289
\tcb@temp=\box63
\tcb@temp=\box64
\tcb@temp=\box65
\tcb@temp=\box66
)
(/Users/deeamaliah/Library/TinyTeX/texmf-dist/tex/latex/fontawesome/fontawesome
.sty
Package: fontawesome 2016/05/15 v4.6.3.1 font awesome icons
(/Users/deeamaliah/Library/TinyTeX/texmf-dist/tex/generic/iftex/ifxetex.sty
Package: ifxetex 2019/10/25 v0.7 ifxetex legacy package. Use iftex instead.
(/Users/deeamaliah/Library/TinyTeX/texmf-dist/tex/generic/iftex/iftex.sty
Package: iftex 2020/03/06 v1.0d TeX engine tests
)) (/Users/deeamaliah/Library/TinyTeX/texmf-dist/tex/generic/iftex/ifluatex.sty
Package: ifluatex 2019/10/25 v1.5 ifluatex legacy package. Use iftex instead.
)
(/Users/deeamaliah/Library/TinyTeX/texmf-dist/tex/latex/fontawesome/fontawesome
symbols-generic.tex)
(/Users/deeamaliah/Library/TinyTeX/texmf-dist/tex/latex/fontawesome/fontawesome
symbols-pdftex.tex)) (/Users/deeamaliah/Library/TinyTeX/texmf-dist/tex/latex/bo
oktabs/booktabs.sty
Package: booktabs 2020/01/12 v1.61803398 Publication quality tables
\heavyrulewidth=\dimen197
\lightrulewidth=\dimen198
\cmidrulewidth=\dimen199
\belowrulesep=\dimen256
\belowbottomsep=\dimen257
\aboverulesep=\dimen258
\abovetopsep=\dimen259
\cmidrulesep=\dimen260
\cmidrulekern=\dimen261
\defaultaddspace=\dimen262
\@cmidla=\count290
\@cmidlb=\count291
\@aboverulesep=\dimen263
\@belowrulesep=\dimen264
\@thisruleclass=\count292
\@lastruleclass=\count293
\@thisrulewidth=\dimen265
) (/Users/deeamaliah/Library/TinyTeX/texmf-dist/tex/latex/float/float.sty
Package: float 2001/11/08 v1.3d Float enhancements (AL)
\c@float@type=\count294
\float@exts=\toks35
\float@box=\box67
\@float@everytoks=\toks36
\@floatcapt=\box68
) (/Users/deeamaliah/Library/TinyTeX/texmf-dist/tex/latex/url/url.sty
=======
\c@pgf@counta=\count190
\c@pgf@countb=\count191
\c@pgf@countc=\count192
\c@pgf@countd=\count193
\t@pgf@toka=\toks26
\t@pgf@tokb=\toks27
\t@pgf@tokc=\toks28
\pgf@sys@id@count=\count194

(/usr/local/texlive/2019/texmf-dist/tex/generic/pgf/systemlayer/pgf.cfg
File: pgf.cfg 2020/01/08 v3.1.5b (3.1.5b)
)
Driver file for pgf: pgfsys-pdftex.def

(/usr/local/texlive/2019/texmf-dist/tex/generic/pgf/systemlayer/pgfsys-pdftex.d
ef
File: pgfsys-pdftex.def 2020/01/08 v3.1.5b (3.1.5b)

(/usr/local/texlive/2019/texmf-dist/tex/generic/pgf/systemlayer/pgfsys-common-p
df.def
File: pgfsys-common-pdf.def 2020/01/08 v3.1.5b (3.1.5b)
)))
(/usr/local/texlive/2019/texmf-dist/tex/generic/pgf/systemlayer/pgfsyssoftpath.
code.tex
File: pgfsyssoftpath.code.tex 2020/01/08 v3.1.5b (3.1.5b)
\pgfsyssoftpath@smallbuffer@items=\count195
\pgfsyssoftpath@bigbuffer@items=\count196
)
(/usr/local/texlive/2019/texmf-dist/tex/generic/pgf/systemlayer/pgfsysprotocol.
code.tex
File: pgfsysprotocol.code.tex 2020/01/08 v3.1.5b (3.1.5b)
)) (/usr/local/texlive/2019/texmf-dist/tex/latex/xcolor/xcolor.sty
Package: xcolor 2016/05/11 v2.12 LaTeX color extensions (UK)

(/usr/local/texlive/2019/texmf-dist/tex/latex/graphics-cfg/color.cfg
File: color.cfg 2016/01/02 v1.6 sample color configuration
)
Package xcolor Info: Driver file: pdftex.def on input line 225.
Package xcolor Info: Model `cmy' substituted by `cmy0' on input line 1348.
Package xcolor Info: Model `hsb' substituted by `rgb' on input line 1352.
Package xcolor Info: Model `RGB' extended on input line 1364.
Package xcolor Info: Model `HTML' substituted by `rgb' on input line 1366.
Package xcolor Info: Model `Hsb' substituted by `hsb' on input line 1367.
Package xcolor Info: Model `tHsb' substituted by `hsb' on input line 1368.
Package xcolor Info: Model `HSB' substituted by `hsb' on input line 1369.
Package xcolor Info: Model `Gray' substituted by `gray' on input line 1370.
Package xcolor Info: Model `wave' substituted by `hsb' on input line 1371.
)
(/usr/local/texlive/2019/texmf-dist/tex/generic/pgf/basiclayer/pgfcore.code.tex
Package: pgfcore 2020/01/08 v3.1.5b (3.1.5b)
(/usr/local/texlive/2019/texmf-dist/tex/generic/pgf/math/pgfmath.code.tex
(/usr/local/texlive/2019/texmf-dist/tex/generic/pgf/math/pgfmathcalc.code.tex
(/usr/local/texlive/2019/texmf-dist/tex/generic/pgf/math/pgfmathutil.code.tex)
(/usr/local/texlive/2019/texmf-dist/tex/generic/pgf/math/pgfmathparser.code.tex
\pgfmath@dimen=\dimen166
\pgfmath@count=\count197
\pgfmath@box=\box48
\pgfmath@toks=\toks29
\pgfmath@stack@operand=\toks30
\pgfmath@stack@operation=\toks31
)
(/usr/local/texlive/2019/texmf-dist/tex/generic/pgf/math/pgfmathfunctions.code.
tex
(/usr/local/texlive/2019/texmf-dist/tex/generic/pgf/math/pgfmathfunctions.basic
.code.tex)
(/usr/local/texlive/2019/texmf-dist/tex/generic/pgf/math/pgfmathfunctions.trigo
nometric.code.tex)
(/usr/local/texlive/2019/texmf-dist/tex/generic/pgf/math/pgfmathfunctions.rando
m.code.tex)
(/usr/local/texlive/2019/texmf-dist/tex/generic/pgf/math/pgfmathfunctions.compa
rison.code.tex)
(/usr/local/texlive/2019/texmf-dist/tex/generic/pgf/math/pgfmathfunctions.base.
code.tex)
(/usr/local/texlive/2019/texmf-dist/tex/generic/pgf/math/pgfmathfunctions.round
.code.tex)
(/usr/local/texlive/2019/texmf-dist/tex/generic/pgf/math/pgfmathfunctions.misc.
code.tex)
(/usr/local/texlive/2019/texmf-dist/tex/generic/pgf/math/pgfmathfunctions.integ
erarithmetics.code.tex)))
(/usr/local/texlive/2019/texmf-dist/tex/generic/pgf/math/pgfmathfloat.code.tex
\c@pgfmathroundto@lastzeros=\count198
)) (/usr/local/texlive/2019/texmf-dist/tex/generic/pgf/math/pgfint.code.tex)
(/usr/local/texlive/2019/texmf-dist/tex/generic/pgf/basiclayer/pgfcorepoints.co
de.tex
File: pgfcorepoints.code.tex 2020/01/08 v3.1.5b (3.1.5b)
\pgf@picminx=\dimen167
\pgf@picmaxx=\dimen168
\pgf@picminy=\dimen169
\pgf@picmaxy=\dimen170
\pgf@pathminx=\dimen171
\pgf@pathmaxx=\dimen172
\pgf@pathminy=\dimen173
\pgf@pathmaxy=\dimen174
\pgf@xx=\dimen175
\pgf@xy=\dimen176
\pgf@yx=\dimen177
\pgf@yy=\dimen178
\pgf@zx=\dimen179
\pgf@zy=\dimen180
)
(/usr/local/texlive/2019/texmf-dist/tex/generic/pgf/basiclayer/pgfcorepathconst
ruct.code.tex
File: pgfcorepathconstruct.code.tex 2020/01/08 v3.1.5b (3.1.5b)
\pgf@path@lastx=\dimen181
\pgf@path@lasty=\dimen182
)
(/usr/local/texlive/2019/texmf-dist/tex/generic/pgf/basiclayer/pgfcorepathusage
.code.tex
File: pgfcorepathusage.code.tex 2020/01/08 v3.1.5b (3.1.5b)
\pgf@shorten@end@additional=\dimen183
\pgf@shorten@start@additional=\dimen184
)
(/usr/local/texlive/2019/texmf-dist/tex/generic/pgf/basiclayer/pgfcorescopes.co
de.tex
File: pgfcorescopes.code.tex 2020/01/08 v3.1.5b (3.1.5b)
\pgfpic=\box49
\pgf@hbox=\box50
\pgf@layerbox@main=\box51
\pgf@picture@serial@count=\count199
)
(/usr/local/texlive/2019/texmf-dist/tex/generic/pgf/basiclayer/pgfcoregraphicst
ate.code.tex
File: pgfcoregraphicstate.code.tex 2020/01/08 v3.1.5b (3.1.5b)
\pgflinewidth=\dimen185
)
(/usr/local/texlive/2019/texmf-dist/tex/generic/pgf/basiclayer/pgfcoretransform
ations.code.tex
File: pgfcoretransformations.code.tex 2020/01/08 v3.1.5b (3.1.5b)
\pgf@pt@x=\dimen186
\pgf@pt@y=\dimen187
\pgf@pt@temp=\dimen188
)
(/usr/local/texlive/2019/texmf-dist/tex/generic/pgf/basiclayer/pgfcorequick.cod
e.tex
File: pgfcorequick.code.tex 2020/01/08 v3.1.5b (3.1.5b)
)
(/usr/local/texlive/2019/texmf-dist/tex/generic/pgf/basiclayer/pgfcoreobjects.c
ode.tex
File: pgfcoreobjects.code.tex 2020/01/08 v3.1.5b (3.1.5b)
)
(/usr/local/texlive/2019/texmf-dist/tex/generic/pgf/basiclayer/pgfcorepathproce
ssing.code.tex
File: pgfcorepathprocessing.code.tex 2020/01/08 v3.1.5b (3.1.5b)
)
(/usr/local/texlive/2019/texmf-dist/tex/generic/pgf/basiclayer/pgfcorearrows.co
de.tex
File: pgfcorearrows.code.tex 2020/01/08 v3.1.5b (3.1.5b)
\pgfarrowsep=\dimen189
)
(/usr/local/texlive/2019/texmf-dist/tex/generic/pgf/basiclayer/pgfcoreshade.cod
e.tex
File: pgfcoreshade.code.tex 2020/01/08 v3.1.5b (3.1.5b)
\pgf@max=\dimen190
\pgf@sys@shading@range@num=\count266
\pgf@shadingcount=\count267
)
(/usr/local/texlive/2019/texmf-dist/tex/generic/pgf/basiclayer/pgfcoreimage.cod
e.tex
File: pgfcoreimage.code.tex 2020/01/08 v3.1.5b (3.1.5b)

(/usr/local/texlive/2019/texmf-dist/tex/generic/pgf/basiclayer/pgfcoreexternal.
code.tex
File: pgfcoreexternal.code.tex 2020/01/08 v3.1.5b (3.1.5b)
\pgfexternal@startupbox=\box52
))
(/usr/local/texlive/2019/texmf-dist/tex/generic/pgf/basiclayer/pgfcorelayers.co
de.tex
File: pgfcorelayers.code.tex 2020/01/08 v3.1.5b (3.1.5b)
)
(/usr/local/texlive/2019/texmf-dist/tex/generic/pgf/basiclayer/pgfcoretranspare
ncy.code.tex
File: pgfcoretransparency.code.tex 2020/01/08 v3.1.5b (3.1.5b)
)
(/usr/local/texlive/2019/texmf-dist/tex/generic/pgf/basiclayer/pgfcorepatterns.
code.tex
File: pgfcorepatterns.code.tex 2020/01/08 v3.1.5b (3.1.5b)
)
(/usr/local/texlive/2019/texmf-dist/tex/generic/pgf/basiclayer/pgfcorerdf.code.
tex
File: pgfcorerdf.code.tex 2020/01/08 v3.1.5b (3.1.5b)
)))
(/usr/local/texlive/2019/texmf-dist/tex/generic/pgf/modules/pgfmoduleshapes.cod
e.tex
File: pgfmoduleshapes.code.tex 2020/01/08 v3.1.5b (3.1.5b)
\pgfnodeparttextbox=\box53
)
(/usr/local/texlive/2019/texmf-dist/tex/generic/pgf/modules/pgfmoduleplot.code.
tex
File: pgfmoduleplot.code.tex 2020/01/08 v3.1.5b (3.1.5b)
)
(/usr/local/texlive/2019/texmf-dist/tex/latex/pgf/compatibility/pgfcomp-version
-0-65.sty
Package: pgfcomp-version-0-65 2020/01/08 v3.1.5b (3.1.5b)
\pgf@nodesepstart=\dimen191
\pgf@nodesepend=\dimen192
)
(/usr/local/texlive/2019/texmf-dist/tex/latex/pgf/compatibility/pgfcomp-version
-1-18.sty
Package: pgfcomp-version-1-18 2020/01/08 v3.1.5b (3.1.5b)
)) (/usr/local/texlive/2019/texmf-dist/tex/latex/tools/verbatim.sty
Package: verbatim 2019/11/10 v1.5r LaTeX2e package for verbatim enhancements
\every@verbatim=\toks32
\verbatim@line=\toks33
\verbatim@in@stream=\read4
)
(/usr/local/texlive/2019/texmf-dist/tex/latex/environ/environ.sty
Package: environ 2014/05/04 v0.3 A new way to define environments

(/usr/local/texlive/2019/texmf-dist/tex/latex/trimspaces/trimspaces.sty
Package: trimspaces 2009/09/17 v1.1 Trim spaces around a token list
))
(/usr/local/texlive/2019/texmf-dist/tex/latex/etoolbox/etoolbox.sty
Package: etoolbox 2019/09/21 v2.5h e-TeX tools for LaTeX (JAW)
\etb@tempcnta=\count268
)
\tcb@titlebox=\box54
\tcb@upperbox=\box55
\tcb@lowerbox=\box56
\tcb@phantombox=\box57
\c@tcbbreakpart=\count269
\c@tcblayer=\count270
\c@tcolorbox@number=\count271
\tcb@temp=\box58
\tcb@temp=\box59
\tcb@temp=\box60
\tcb@temp=\box61
\tcb@out=\write5
\tcb@record@out=\write6
)
(/usr/local/texlive/2019/texmf-dist/tex/latex/fontawesome/fontawesome.sty
Package: fontawesome 2016/05/15 v4.6.3.1 font awesome icons

(/usr/local/texlive/2019/texmf-dist/tex/generic/iftex/ifxetex.sty
Package: ifxetex 2019/10/25 v0.7 ifxetex legacy package. Use iftex instead.

(/usr/local/texlive/2019/texmf-dist/tex/generic/iftex/iftex.sty
Package: iftex 2020/03/06 v1.0d TeX engine tests
))
(/usr/local/texlive/2019/texmf-dist/tex/generic/iftex/ifluatex.sty
Package: ifluatex 2019/10/25 v1.5 ifluatex legacy package. Use iftex instead.
)
(/usr/local/texlive/2019/texmf-dist/tex/latex/fontawesome/fontawesomesymbols-ge
neric.tex)
(/usr/local/texlive/2019/texmf-dist/tex/latex/fontawesome/fontawesomesymbols-pd
ftex.tex)) (/usr/local/texlive/2019/texmf-dist/tex/latex/booktabs/booktabs.sty
Package: booktabs 2020/01/12 v1.61803398 Publication quality tables
\heavyrulewidth=\dimen193
\lightrulewidth=\dimen194
\cmidrulewidth=\dimen195
\belowrulesep=\dimen196
\belowbottomsep=\dimen197
\aboverulesep=\dimen198
\abovetopsep=\dimen199
\cmidrulesep=\dimen256
\cmidrulekern=\dimen257
\defaultaddspace=\dimen258
\@cmidla=\count272
\@cmidlb=\count273
\@aboverulesep=\dimen259
\@belowrulesep=\dimen260
\@thisruleclass=\count274
\@lastruleclass=\count275
\@thisrulewidth=\dimen261
) (/usr/local/texlive/2019/texmf-dist/tex/latex/float/float.sty
Package: float 2001/11/08 v1.3d Float enhancements (AL)
\c@float@type=\count276
\float@exts=\toks34
\float@box=\box62
\@float@everytoks=\toks35
\@floatcapt=\box63
)
(/usr/local/texlive/2019/texmf-dist/tex/latex/url/url.sty
>>>>>>> e9174550e6e3a231aa9c7572667f6c47600e0929
\Urlmuskip=\muskip17
Package: url 2013/09/16  ver 3.4  Verb mode for urls, etc.
)
\cslhangindent=\skip54
\csllabelwidth=\skip55
<<<<<<< HEAD
(/Users/deeamaliah/Library/TinyTeX/texmf-dist/tex/latex/tools/calc.sty
=======

(/usr/local/texlive/2019/texmf-dist/tex/latex/tools/calc.sty
>>>>>>> e9174550e6e3a231aa9c7572667f6c47600e0929
Package: calc 2017/05/25 v4.3 Infix arithmetic (KKT,FJ)
\calc@Acount=\count295
\calc@Bcount=\count296
\calc@Adimen=\dimen266
\calc@Bdimen=\dimen267
\calc@Askip=\skip56
\calc@Bskip=\skip57
LaTeX Info: Redefining \setlength on input line 80.
LaTeX Info: Redefining \addtolength on input line 81.
\calc@Ccount=\count297
\calc@Cskip=\skip58
<<<<<<< HEAD
) (/Users/deeamaliah/Library/TinyTeX/texmf-dist/tex/latex/hyperref/hyperref.sty
Package: hyperref 2021-06-07 v7.00m Hypertext links for LaTeX
(/Users/deeamaliah/Library/TinyTeX/texmf-dist/tex/generic/ltxcmds/ltxcmds.sty
Package: ltxcmds 2020-05-10 v1.25 LaTeX kernel commands for general use (HO)
)
(/Users/deeamaliah/Library/TinyTeX/texmf-dist/tex/generic/pdftexcmds/pdftexcmds
.sty
Package: pdftexcmds 2020-06-27 v0.33 Utility functions of pdfTeX for LuaTeX (HO
)

(/Users/deeamaliah/Library/TinyTeX/texmf-dist/tex/generic/infwarerr/infwarerr.s
ty
=======
)
(/usr/local/texlive/2019/texmf-dist/tex/latex/bookmark/bookmark.sty
Package: bookmark 2019/12/03 v1.28 PDF bookmarks (HO)

(/usr/local/texlive/2019/texmf-dist/tex/latex/hyperref/hyperref.sty
Package: hyperref 2020/01/14 v7.00d Hypertext links for LaTeX

(/usr/local/texlive/2019/texmf-dist/tex/generic/ltxcmds/ltxcmds.sty
Package: ltxcmds 2019/12/15 v1.24 LaTeX kernel commands for general use (HO)
)
(/usr/local/texlive/2019/texmf-dist/tex/latex/pdftexcmds/pdftexcmds.sty
Package: pdftexcmds 2019/11/24 v0.31 Utility functions of pdfTeX for LuaTeX (HO
)

(/usr/local/texlive/2019/texmf-dist/tex/generic/infwarerr/infwarerr.sty
>>>>>>> e9174550e6e3a231aa9c7572667f6c47600e0929
Package: infwarerr 2019/12/03 v1.5 Providing info/warning/error messages (HO)
)
Package pdftexcmds Info: \pdf@primitive is available.
Package pdftexcmds Info: \pdf@ifprimitive is available.
Package pdftexcmds Info: \pdfdraftmode found.
)
<<<<<<< HEAD
(/Users/deeamaliah/Library/TinyTeX/texmf-dist/tex/generic/kvsetkeys/kvsetkeys.s
ty
Package: kvsetkeys 2019/12/15 v1.18 Key value parser (HO)
)
(/Users/deeamaliah/Library/TinyTeX/texmf-dist/tex/generic/kvdefinekeys/kvdefine
keys.sty
Package: kvdefinekeys 2019-12-19 v1.6 Define keys (HO)
)
(/Users/deeamaliah/Library/TinyTeX/texmf-dist/tex/generic/pdfescape/pdfescape.s
ty
Package: pdfescape 2019/12/09 v1.15 Implements pdfTeX's escape features (HO)
) (/Users/deeamaliah/Library/TinyTeX/texmf-dist/tex/latex/hycolor/hycolor.sty
Package: hycolor 2020-01-27 v1.10 Color options for hyperref/bookmark (HO)
)
(/Users/deeamaliah/Library/TinyTeX/texmf-dist/tex/latex/letltxmacro/letltxmacro
.sty
Package: letltxmacro 2019/12/03 v1.6 Let assignment for LaTeX macros (HO)
) (/Users/deeamaliah/Library/TinyTeX/texmf-dist/tex/latex/auxhook/auxhook.sty
Package: auxhook 2019-12-17 v1.6 Hooks for auxiliary files (HO)
)
(/Users/deeamaliah/Library/TinyTeX/texmf-dist/tex/latex/kvoptions/kvoptions.sty
Package: kvoptions 2020-10-07 v3.14 Key value format for package options (HO)
)
\@linkdim=\dimen268
\Hy@linkcounter=\count298
\Hy@pagecounter=\count299
(/Users/deeamaliah/Library/TinyTeX/texmf-dist/tex/latex/hyperref/pd1enc.def
File: pd1enc.def 2021-06-07 v7.00m Hyperref: PDFDocEncoding definition (HO)
Now handling font encoding PD1 ...
... no UTF-8 mapping file for font encoding PD1
)
(/Users/deeamaliah/Library/TinyTeX/texmf-dist/tex/latex/hyperref/hyperref-langp
atches.def
File: hyperref-langpatches.def 2021-06-07 v7.00m Hyperref: patches for babel la
nguages
) (/Users/deeamaliah/Library/TinyTeX/texmf-dist/tex/generic/intcalc/intcalc.sty
Package: intcalc 2019/12/15 v1.3 Expandable calculations with integers (HO)
)
(/Users/deeamaliah/Library/TinyTeX/texmf-dist/tex/generic/etexcmds/etexcmds.sty
=======
(/usr/local/texlive/2019/texmf-dist/tex/generic/kvsetkeys/kvsetkeys.sty
Package: kvsetkeys 2019/12/15 v1.18 Key value parser (HO)
)
(/usr/local/texlive/2019/texmf-dist/tex/generic/kvdefinekeys/kvdefinekeys.sty
Package: kvdefinekeys 2019-12-19 v1.6 Define keys (HO)
)
(/usr/local/texlive/2019/texmf-dist/tex/generic/pdfescape/pdfescape.sty
Package: pdfescape 2019/12/09 v1.15 Implements pdfTeX's escape features (HO)
)
(/usr/local/texlive/2019/texmf-dist/tex/latex/hycolor/hycolor.sty
Package: hycolor 2020-01-27 v1.10 Color options for hyperref/bookmark (HO)
)
(/usr/local/texlive/2019/texmf-dist/tex/latex/letltxmacro/letltxmacro.sty
Package: letltxmacro 2019/12/03 v1.6 Let assignment for LaTeX macros (HO)
)
(/usr/local/texlive/2019/texmf-dist/tex/latex/auxhook/auxhook.sty
Package: auxhook 2019-12-17 v1.6 Hooks for auxiliary files (HO)
)
(/usr/local/texlive/2019/texmf-dist/tex/latex/kvoptions/kvoptions.sty
Package: kvoptions 2019/11/29 v3.13 Key value format for package options (HO)
)
\@linkdim=\dimen264
\Hy@linkcounter=\count280
\Hy@pagecounter=\count281

(/usr/local/texlive/2019/texmf-dist/tex/latex/hyperref/pd1enc.def
File: pd1enc.def 2020/01/14 v7.00d Hyperref: PDFDocEncoding definition (HO)
Now handling font encoding PD1 ...
... no UTF-8 mapping file for font encoding PD1
)
(/usr/local/texlive/2019/texmf-dist/tex/generic/intcalc/intcalc.sty
Package: intcalc 2019/12/15 v1.3 Expandable calculations with integers (HO)
)
(/usr/local/texlive/2019/texmf-dist/tex/generic/etexcmds/etexcmds.sty
>>>>>>> e9174550e6e3a231aa9c7572667f6c47600e0929
Package: etexcmds 2019/12/15 v1.7 Avoid name clashes with e-TeX commands (HO)
)
\Hy@SavedSpaceFactor=\count300
(/Users/deeamaliah/Library/TinyTeX/texmf-dist/tex/latex/hyperref/puenc.def
File: puenc.def 2021-06-07 v7.00m Hyperref: PDF Unicode definition (HO)
Now handling font encoding PU ...
... no UTF-8 mapping file for font encoding PU
)
Package hyperref Info: Hyper figures OFF on input line 4192.
Package hyperref Info: Link nesting OFF on input line 4197.
Package hyperref Info: Hyper index ON on input line 4200.
Package hyperref Info: Plain pages OFF on input line 4207.
Package hyperref Info: Backreferencing OFF on input line 4212.
Package hyperref Info: Implicit mode ON; LaTeX internals redefined.
<<<<<<< HEAD
Package hyperref Info: Bookmarks ON on input line 4445.
\c@Hy@tempcnt=\count301
LaTeX Info: Redefining \url on input line 4804.
\XeTeXLinkMargin=\dimen269
(/Users/deeamaliah/Library/TinyTeX/texmf-dist/tex/generic/bitset/bitset.sty
Package: bitset 2019/12/09 v1.3 Handle bit-vector datatype (HO)

(/Users/deeamaliah/Library/TinyTeX/texmf-dist/tex/generic/bigintcalc/bigintcalc
.sty
Package: bigintcalc 2019/12/15 v1.5 Expandable calculations on big integers (HO
)
))
\Fld@menulength=\count302
\Field@Width=\dimen270
\Fld@charsize=\dimen271
Package hyperref Info: Hyper figures OFF on input line 6076.
Package hyperref Info: Link nesting OFF on input line 6081.
Package hyperref Info: Hyper index ON on input line 6084.
Package hyperref Info: backreferencing OFF on input line 6091.
Package hyperref Info: Link coloring OFF on input line 6096.
Package hyperref Info: Link coloring with OCG OFF on input line 6101.
Package hyperref Info: PDF/A mode OFF on input line 6106.
LaTeX Info: Redefining \ref on input line 6146.
LaTeX Info: Redefining \pageref on input line 6150.
(/Users/deeamaliah/Library/TinyTeX/texmf-dist/tex/latex/base/atbegshi-ltx.sty
Package: atbegshi-ltx 2021/01/10 v1.0c Emulation of the original atbegshi
package with kernel methods
)
\Hy@abspage=\count303
\c@Item=\count304
\c@Hfootnote=\count305
)
Package hyperref Info: Driver (autodetected): hpdftex.
(/Users/deeamaliah/Library/TinyTeX/texmf-dist/tex/latex/hyperref/hpdftex.def
File: hpdftex.def 2021-06-07 v7.00m Hyperref driver for pdfTeX
(/Users/deeamaliah/Library/TinyTeX/texmf-dist/tex/latex/base/atveryend-ltx.sty
Package: atveryend-ltx 2020/08/19 v1.0a Emulation of the original atveryend pac
kage
with kernel methods
)
\Fld@listcount=\count306
\c@bookmark@seq@number=\count307

(/Users/deeamaliah/Library/TinyTeX/texmf-dist/tex/latex/rerunfilecheck/rerunfil
echeck.sty
Package: rerunfilecheck 2019/12/05 v1.9 Rerun checks for auxiliary files (HO)

(/Users/deeamaliah/Library/TinyTeX/texmf-dist/tex/generic/uniquecounter/uniquec
ounter.sty
=======
Package hyperref Info: Bookmarks ON on input line 4800.
\c@Hy@tempcnt=\count283
LaTeX Info: Redefining \url on input line 5159.
\XeTeXLinkMargin=\dimen265

(/usr/local/texlive/2019/texmf-dist/tex/generic/bitset/bitset.sty
Package: bitset 2019/12/09 v1.3 Handle bit-vector datatype (HO)

(/usr/local/texlive/2019/texmf-dist/tex/generic/bigintcalc/bigintcalc.sty
Package: bigintcalc 2019/12/15 v1.5 Expandable calculations on big integers (HO
)
))
\Fld@menulength=\count284
\Field@Width=\dimen266
\Fld@charsize=\dimen267
Package hyperref Info: Hyper figures OFF on input line 6430.
Package hyperref Info: Link nesting OFF on input line 6435.
Package hyperref Info: Hyper index ON on input line 6438.
Package hyperref Info: backreferencing OFF on input line 6445.
Package hyperref Info: Link coloring OFF on input line 6450.
Package hyperref Info: Link coloring with OCG OFF on input line 6455.
Package hyperref Info: PDF/A mode OFF on input line 6460.
LaTeX Info: Redefining \ref on input line 6500.
LaTeX Info: Redefining \pageref on input line 6504.

(/usr/local/texlive/2019/texmf-dist/tex/generic/atbegshi/atbegshi.sty
Package: atbegshi 2019/12/05 v1.19 At begin shipout hook (HO)
)
\Hy@abspage=\count285
\c@Item=\count286
\c@Hfootnote=\count287
)
Package hyperref Info: Driver (autodetected): hpdftex.

(/usr/local/texlive/2019/texmf-dist/tex/latex/hyperref/hpdftex.def
File: hpdftex.def 2020/01/14 v7.00d Hyperref driver for pdfTeX

(/usr/local/texlive/2019/texmf-dist/tex/latex/atveryend/atveryend.sty
Package: atveryend 2019-12-11 v1.11 Hooks at the very end of document (HO)
)
\Fld@listcount=\count288
\c@bookmark@seq@number=\count289

(/usr/local/texlive/2019/texmf-dist/tex/latex/rerunfilecheck/rerunfilecheck.sty
Package: rerunfilecheck 2019/12/05 v1.9 Rerun checks for auxiliary files (HO)

(/usr/local/texlive/2019/texmf-dist/tex/generic/uniquecounter/uniquecounter.sty
>>>>>>> e9174550e6e3a231aa9c7572667f6c47600e0929
Package: uniquecounter 2019/12/15 v1.4 Provide unlimited unique counter (HO)
)
Package uniquecounter Info: New unique counter `rerunfilecheck' on input line 2
86.
)
\Hy@SectionHShift=\skip59
<<<<<<< HEAD
)
(/Users/deeamaliah/Library/TinyTeX/texmf-dist/tex/latex/l3backend/l3backend-pdf
tex.def
File: l3backend-pdftex.def 2022-01-12 L3 backend support: PDF output (pdfTeX)
\l__color_backend_stack_int=\count308
\l__pdf_internal_box=\box69
=======
) (/usr/local/texlive/2019/texmf-dist/tex/latex/bookmark/bkm-pdftex.def
File: bkm-pdftex.def 2019/12/03 v1.28 bookmark driver for pdfTeX (HO)
\BKM@id=\count290
))
(/usr/local/texlive/2019/texmf-dist/tex/latex/l3backend/l3backend-pdfmode.def
File: l3backend-pdfmode.def 2020-05-05 L3 backend support: PDF mode
\l__kernel_color_stack_int=\count291
\l__pdf_internal_box=\box64
>>>>>>> e9174550e6e3a231aa9c7572667f6c47600e0929
)
(./paper-jsdse.aux)
\openout1 = `paper-jsdse.aux'.

LaTeX Font Info:    Checking defaults for OML/cmm/m/it on input line 58.
LaTeX Font Info:    ... okay on input line 58.
LaTeX Font Info:    Checking defaults for OMS/cmsy/m/n on input line 58.
LaTeX Font Info:    ... okay on input line 58.
LaTeX Font Info:    Checking defaults for OT1/cmr/m/n on input line 58.
LaTeX Font Info:    ... okay on input line 58.
LaTeX Font Info:    Checking defaults for T1/cmr/m/n on input line 58.
LaTeX Font Info:    ... okay on input line 58.
LaTeX Font Info:    Checking defaults for TS1/cmr/m/n on input line 58.
LaTeX Font Info:    ... okay on input line 58.
LaTeX Font Info:    Checking defaults for OMX/cmex/m/n on input line 58.
LaTeX Font Info:    ... okay on input line 58.
LaTeX Font Info:    Checking defaults for U/cmr/m/n on input line 58.
LaTeX Font Info:    ... okay on input line 58.
LaTeX Font Info:    Checking defaults for PD1/pdf/m/n on input line 58.
LaTeX Font Info:    ... okay on input line 58.
<<<<<<< HEAD
LaTeX Font Info:    Checking defaults for PU/pdf/m/n on input line 58.
LaTeX Font Info:    ... okay on input line 58.

(/Users/deeamaliah/Library/TinyTeX/texmf-dist/tex/latex/epstopdf-pkg/epstopdf-b
ase.sty
=======

(/usr/local/texlive/2019/texmf-dist/tex/context/base/mkii/supp-pdf.mkii
[Loading MPS to PDF converter (version 2006.09.02).]
\scratchcounter=\count292
\scratchdimen=\dimen268
\scratchbox=\box65
\nofMPsegments=\count293
\nofMParguments=\count294
\everyMPshowfont=\toks36
\MPscratchCnt=\count295
\MPscratchDim=\dimen269
\MPnumerator=\count296
\makeMPintoPDFobject=\count297
\everyMPtoPDFconversion=\toks37
) (/usr/local/texlive/2019/texmf-dist/tex/latex/epstopdf-pkg/epstopdf-base.sty
>>>>>>> e9174550e6e3a231aa9c7572667f6c47600e0929
Package: epstopdf-base 2020-01-24 v2.11 Base part for package epstopdf
Package epstopdf-base Info: Redefining graphics rule for `.eps' on input line 4
85.

<<<<<<< HEAD
(/Users/deeamaliah/Library/TinyTeX/texmf-dist/tex/latex/latexconfig/epstopdf-sy
s.cfg
File: epstopdf-sys.cfg 2010/07/13 v1.3 Configuration of (r)epstopdf for TeX Liv
e
))
Package hyperref Info: Link coloring OFF on input line 58.
(/Users/deeamaliah/Library/TinyTeX/texmf-dist/tex/latex/hyperref/nameref.sty
Package: nameref 2021-04-02 v2.47 Cross-referencing by name of section
(/Users/deeamaliah/Library/TinyTeX/texmf-dist/tex/latex/refcount/refcount.sty
Package: refcount 2019/12/15 v3.6 Data extraction from label references (HO)
)
(/Users/deeamaliah/Library/TinyTeX/texmf-dist/tex/generic/gettitlestring/gettit
lestring.sty
=======
(/usr/local/texlive/2019/texmf-dist/tex/latex/latexconfig/epstopdf-sys.cfg
File: epstopdf-sys.cfg 2010/07/13 v1.3 Configuration of (r)epstopdf for TeX Liv
e
))
ABD: EveryShipout initializing macros
\AtBeginShipoutBox=\box66
Package hyperref Info: Link coloring OFF on input line 58.

(/usr/local/texlive/2019/texmf-dist/tex/latex/hyperref/nameref.sty
Package: nameref 2019/09/16 v2.46 Cross-referencing by name of section

(/usr/local/texlive/2019/texmf-dist/tex/latex/refcount/refcount.sty
Package: refcount 2019/12/15 v3.6 Data extraction from label references (HO)
)
(/usr/local/texlive/2019/texmf-dist/tex/generic/gettitlestring/gettitlestring.s
ty
>>>>>>> e9174550e6e3a231aa9c7572667f6c47600e0929
Package: gettitlestring 2019/12/15 v1.6 Cleanup title references (HO)
)
\c@section@level=\count309
)
LaTeX Info: Redefining \ref on input line 58.
LaTeX Info: Redefining \pageref on input line 58.
LaTeX Info: Redefining \nameref on input line 58.
\@outlinefile=\write5
\openout5 = `paper-jsdse.out'.


Overfull \hbox (7.12393pt too wide) in paragraph at lines 101--103
\OT1/cmr/m/it/12 Keywords: \OT1/cmr/m/n/12 Data clean-ing; Data tidy-ing; Re-pr
o-ducible work-flow; Lon-gi-tu-di-nal data; NLSY79;
 []

[1
Non-PDF special ignored!
<special> header=psfrag.pro

<<<<<<< HEAD
{/Users/deeamaliah/Library/TinyTeX/texmf-var/fonts/map/pdftex/updmap/pdftex.map
}] [2]
=======
{/usr/local/texlive/2019/texmf-var/fonts/map/pdftex/updmap/pdftex.map}]
[2]
>>>>>>> e9174550e6e3a231aa9c7572667f6c47600e0929
Overfull \hbox (251.18036pt too wide) in paragraph at lines 119--120
\OT1/cmtt/m/n/12 au / national / by-[]the-[]numbers-[]-[]the-[]average-[]austra
lian-[]doesnt-[]exist-[]-[]not-[]a-[]single-[]one-[]of-[]us-[]is-[]normal-[]201
50124-[]12xlh0 .
 []
<<<<<<< HEAD

[3]

LaTeX Warning: Reference `database' on page 4 undefined on input line 127.


LaTeX Warning: Reference `cleaning' on page 4 undefined on input line 127.


LaTeX Warning: Reference `compare' on page 4 undefined on input line 127.


LaTeX Warning: Reference `summary' on page 4 undefined on input line 127.

[4] [5]

LaTeX Warning: Reference `getdata' on page 6 undefined on input line 153.


LaTeX Warning: Reference `tidydemog' on page 6 undefined on input line 153.


LaTeX Warning: Reference `tidyemp' on page 6 undefined on input line 153.


LaTeX Warning: Reference `ida' on page 6 undefined on input line 153.


LaTeX Warning: Reference `fig:source-nav' on page 6 undefined on input line 158
.
=======
>>>>>>> e9174550e6e3a231aa9c7572667f6c47600e0929

[3] [4] [5]
LaTeX Font Info:    Trying to load font information for U+fontawesomethree on i
nput line 163.

<<<<<<< HEAD
(/Users/deeamaliah/Library/TinyTeX/texmf-dist/tex/latex/fontawesome/ufontawesom
ethree.fd
=======
(/usr/local/texlive/2019/texmf-dist/tex/latex/fontawesome/ufontawesomethree.fd
>>>>>>> e9174550e6e3a231aa9c7572667f6c47600e0929
File: ufontawesomethree.fd 2016/05/22 Font definitions for U/fontawesomethree.
)
LaTeX Font Info:    Trying to load font information for U+fontawesometwo on inp
ut line 165.
<<<<<<< HEAD

(/Users/deeamaliah/Library/TinyTeX/texmf-dist/tex/latex/fontawesome/ufontawesom
etwo.fd
=======
(/usr/local/texlive/2019/texmf-dist/tex/latex/fontawesome/ufontawesometwo.fd
>>>>>>> e9174550e6e3a231aa9c7572667f6c47600e0929
File: ufontawesometwo.fd 2016/05/22 Font definitions for U/fontawesometwo.
)

LaTeX Warning: Float too large for page by 194.65292pt on input line 217.

[6]
Overfull \hbox (25.55525pt too wide) in paragraph at lines 239--239
[]\OT1/cmtt/m/n/12 #>  $ CASEID_1979                               : int  1 2 3
 4 5 6 7 8 9 10 ...[] 
 []


Overfull \hbox (112.0053pt too wide) in paragraph at lines 240--240
[]\OT1/cmtt/m/n/12 #>  $ HRP1_1979                                 : int  328 3
85 365 NA 310 NA NA NA 214 NA ...[] 
 []


Overfull \hbox (87.30528pt too wide) in paragraph at lines 241--241
[]\OT1/cmtt/m/n/12 #>  $ HRP2_1979                                 : int  NA NA
 NA NA 375 NA NA NA NA NA ...[] 
 []


Overfull \hbox (87.30528pt too wide) in paragraph at lines 242--242
[]\OT1/cmtt/m/n/12 #>  $ HRP3_1979                                 : int  NA NA
 275 NA NA NA NA NA NA NA ...[] 
 []


Overfull \hbox (87.30528pt too wide) in paragraph at lines 243--243
[]\OT1/cmtt/m/n/12 #>  $ HRP4_1979                                 : int  NA NA
 NA NA NA 250 NA NA NA NA ...[] 
 []


Overfull \hbox (81.13028pt too wide) in paragraph at lines 244--244
[]\OT1/cmtt/m/n/12 #>  $ HRP5_1979                                 : int  NA NA
 NA NA NA NA NA NA NA NA ...[] 
 []


Overfull \hbox (130.5303pt too wide) in paragraph at lines 245--245
[]\OT1/cmtt/m/n/12 #>  $ HRP1_1980                                 : int  NA 45
7 397 NA 333 275 300 394 200 318 ...[] 
 []


Overfull \hbox (87.30528pt too wide) in paragraph at lines 246--246
[]\OT1/cmtt/m/n/12 #>  $ HRP2_1980                                 : int  NA NA
 367 NA NA NA NA NA NA NA ...[] 
 []


Overfull \hbox (93.48029pt too wide) in paragraph at lines 247--247
[]\OT1/cmtt/m/n/12 #>  $ HRP3_1980                                 : int  NA NA
 380 NA NA NA 290 NA NA NA ...[] 
 []


Overfull \hbox (81.13028pt too wide) in paragraph at lines 248--248
[]\OT1/cmtt/m/n/12 #>  $ HRP4_1980                                 : int  NA NA
 NA NA NA NA NA NA NA NA ...[] 
 []

[7] [8] [9] [10]
<<<<<<< HEAD

LaTeX Warning: Reference `tab:age-table' on page 11 undefined on input line 314
.


LaTeX Warning: Reference `tab:gender-race-table' on page 11 undefined on input 
line 314.


=======
>>>>>>> e9174550e6e3a231aa9c7572667f6c47600e0929
Overfull \hbox (6.00642pt too wide) in paragraph at lines 340--352
 [][] 
 []

<<<<<<< HEAD
<figures/sample-plot-1.pdf, id=83, 716.6775pt x 566.115pt>
=======
<figures/sample-plot-1.pdf, id=96, 716.6775pt x 566.115pt>
>>>>>>> e9174550e6e3a231aa9c7572667f6c47600e0929
File: figures/sample-plot-1.pdf Graphic file (type pdf)
<use figures/sample-plot-1.pdf>
Package pdftex.def Info: figures/sample-plot-1.pdf  used on input line 358.
(pdftex.def)             Requested size: 462.26999pt x 365.16296pt.
<<<<<<< HEAD

LaTeX Warning: Reference `fig:sample-plot' on page 11 undefined on input line 3
65.


LaTeX Warning: Reference `fig:feature-plot' on page 11 undefined on input line 
366.


LaTeX Warning: Reference `fig:feature-plot' on page 11 undefined on input line 
366.

[11]
<figures/feature-plot-1.pdf, id=90, 722.7pt x 289.08pt>
File: figures/feature-plot-1.pdf Graphic file (type pdf)
<use figures/feature-plot-1.pdf>
Package pdftex.def Info: figures/feature-plot-1.pdf  used on input line 370.
(pdftex.def)             Requested size: 462.26999pt x 184.9091pt.
[12]

LaTeX Warning: Reference `fig:compare-plot' on page 13 undefined on input line 
391.

<figures/compare-plot-1.pdf, id=99, 716.6775pt x 557.08125pt>
=======
[11]
<figures/feature-plot-1.pdf, id=108, 701.62125pt x 263.98625pt>
File: figures/feature-plot-1.pdf Graphic file (type pdf)
<use figures/feature-plot-1.pdf>
Package pdftex.def Info: figures/feature-plot-1.pdf  used on input line 370.
(pdftex.def)             Requested size: 462.26999pt x 173.93338pt.
 [12]
<figures/compare-plot-1.pdf, id=118, 716.6775pt x 557.08125pt>
>>>>>>> e9174550e6e3a231aa9c7572667f6c47600e0929
File: figures/compare-plot-1.pdf Graphic file (type pdf)
<use figures/compare-plot-1.pdf>
Package pdftex.def Info: figures/compare-plot-1.pdf  used on input line 395.
(pdftex.def)             Requested size: 416.04016pt x 323.39636pt.
<<<<<<< HEAD

LaTeX Warning: Reference `fig:fixed-feature-plot' on page 13 undefined on input
 line 402.


LaTeX Warning: Reference `fig:fixed-feature-plot' on page 13 undefined on input
 line 402.


LaTeX Warning: Reference `fig:fixed-feature-plot' on page 13 undefined on input
 line 403.

[13]
<figures/fixed-feature-plot-1.pdf, id=106, 722.7pt x 289.08pt>
=======
 [13]
<figures/fixed-feature-plot-1.pdf, id=130, 701.62125pt x 263.98625pt>
>>>>>>> e9174550e6e3a231aa9c7572667f6c47600e0929
File: figures/fixed-feature-plot-1.pdf Graphic file (type pdf)
<use figures/fixed-feature-plot-1.pdf>
Package pdftex.def Info: figures/fixed-feature-plot-1.pdf  used on input line 4
07.
<<<<<<< HEAD
(pdftex.def)             Requested size: 462.26999pt x 184.9091pt.

LaTeX Warning: Reference `fig:flow-chart-blind' on page 14 undefined on input l
ine 419.

</Users/deeamaliah/Documents/yowie-paper/paper/figures/flowchart_blind.png, id=
107, 1606.0pt x 2069.7325pt>
File: /Users/deeamaliah/Documents/yowie-paper/paper/figures/flowchart_blind.png
 Graphic file (type png)
<use /Users/deeamaliah/Documents/yowie-paper/paper/figures/flowchart_blind.png>

Package pdftex.def Info: /Users/deeamaliah/Documents/yowie-paper/paper/figures/
flowchart_blind.png  used on input line 425.
(pdftex.def)             Requested size: 392.93231pt x 506.37833pt.
<figures/plotting-sw-do-1.pdf, id=109, 650.43pt x 361.35pt>
File: figures/plotting-sw-do-1.pdf Graphic file (type pdf)
<use figures/plotting-sw-do-1.pdf>
Package pdftex.def Info: figures/plotting-sw-do-1.pdf  used on input line 439.
(pdftex.def)             Requested size: 462.26999pt x 256.82495pt.
LaTeX Font Info:    Trying to load font information for OMS+cmr on input line 4
48.
(/Users/deeamaliah/Library/TinyTeX/texmf-dist/tex/latex/base/omscmr.fd
File: omscmr.fd 2019/12/16 v2.5j Standard LaTeX font definitions
)
LaTeX Font Info:    Font shape `OMS/cmr/m/n' in size <12> not available
(Font)              Font shape `OMS/cmsy/m/n' tried instead on input line 448.
<figures/compare_xp_to_yrworkforce-1.pdf, id=110, 469.755pt x 325.215pt>
File: figures/compare_xp_to_yrworkforce-1.pdf Graphic file (type pdf)
<use figures/compare_xp_to_yrworkforce-1.pdf>
Package pdftex.def Info: figures/compare_xp_to_yrworkforce-1.pdf  used on input
 line 450.
(pdftex.def)             Requested size: 469.75671pt x 325.2142pt.

Overfull \hbox (31.11156pt too wide) in paragraph at lines 450--451
 []\OMS/cmsy/m/n/12 f[] 
 []

[14]

! LaTeX Error: \caption outside float.

See the LaTeX manual or LaTeX Companion for explanation.
Type  H <return>  for immediate help.
 ...                                              
                                                  
l.454 \caption
              {The association between the lenght of time in the workforce (...
 
Here is how much of TeX's memory you used:
 21021 strings out of 480247
 391665 string characters out of 5894884
 660446 words of memory out of 5000000
 38584 multiletter control sequences out of 15000+600000
 476748 words of font info for 54 fonts, out of 8000000 for 9000
 14 hyphenation exceptions out of 8191
 83i,9n,89p,1123b,578s stack positions out of 5000i,500n,10000p,200000b,80000s
!  ==> Fatal error occurred, no output PDF file produced!
=======
(pdftex.def)             Requested size: 462.26999pt x 173.93338pt.
</Users/etan0038/Dropbox/repo/yowie-paper/paper/figures/flowchart_blind.png, id
=132, 1606.0pt x 2069.7325pt>
File: /Users/etan0038/Dropbox/repo/yowie-paper/paper/figures/flowchart_blind.pn
g Graphic file (type png)
<use /Users/etan0038/Dropbox/repo/yowie-paper/paper/figures/flowchart_blind.png
>
Package pdftex.def Info: /Users/etan0038/Dropbox/repo/yowie-paper/paper/figures
/flowchart_blind.png  used on input line 425.
(pdftex.def)             Requested size: 392.93231pt x 506.37833pt.
<figures/plotting-sw-do-1.pdf, id=134, 629.35126pt x 330.23375pt>
File: figures/plotting-sw-do-1.pdf Graphic file (type pdf)
<use figures/plotting-sw-do-1.pdf>
Package pdftex.def Info: figures/plotting-sw-do-1.pdf  used on input line 439.
(pdftex.def)             Requested size: 462.26999pt x 242.56015pt.
 [14] [15] [16]
! You can't use `\vadjust' in vertical mode.
l.512 \leavevmode\vadjust
                          pre{\hypertarget{ref-iris-data}{}}%
Sorry, but I'm not programmed to handle this case;
I'll just pretend that you didn't ask for it.
If you're in the wrong mode, you might be able to
return to the right one by typing `I}' or `I$' or `I\par'.

[17]
Overfull \hbox (14.43417pt too wide) in paragraph at lines 560--562
[]\OT1/cmr/m/n/12 Pedersen, Thomas Lin. 2020. \OT1/cmr/m/it/12 patch-work: The 
Com-poser of Plots\OT1/cmr/m/n/12 . []$\OT1/cmtt/m/n/12 https : / / CRAN . R-[]
project .
 []

[18]
Overfull \hbox (26.5238pt too wide) in paragraph at lines 572--574
[]\OT1/cmr/m/n/12 Stodel, Megan. 2020. ``Stop Us-ing Iris.'' []$\OT1/cmtt/m/n/1
2 https : / / www . meganstodel . com / posts / no-[]to-[]iris/$[]\OT1/cmr/m/n/
12 . 
 []

LaTeX Font Info:    Trying to load font information for OMS+cmr on input line 5
82.
(/usr/local/texlive/2019/texmf-dist/tex/latex/base/omscmr.fd
File: omscmr.fd 2019/12/16 v2.5j Standard LaTeX font definitions
)
LaTeX Font Info:    Font shape `OMS/cmr/m/n' in size <12> not available
(Font)              Font shape `OMS/cmsy/m/n' tried instead on input line 582.
 [19]
Overfull \hbox (33.67421pt too wide) in paragraph at lines 623--625
\OT1/cmr/m/n/12 Ra-ton, Florida: Chap-man; Hall/CRC. []$\OT1/cmtt/m/n/12 https 
: / / bookdown . org / yihui / rmarkdown-[]cookbook$[]\OT1/cmr/m/n/12 . 
 []

[20] [21] [22 <./figures/sample-plot-1.pdf>] [23 <./figures/feature-plot-1.pdf>
] [24 <./figures/compare-plot-1.pdf>] [25 <./figures/fixed-feature-plot-1.pdf>]
[26 </Users/etan0038/Dropbox/repo/yowie-paper/paper/figures/flowchart_blind.png
>] [27 <./figures/plotting-sw-do-1.pdf>]
Package atveryend Info: Empty hook `BeforeClearDocument' on input line 634.
Package atveryend Info: Empty hook `AfterLastShipout' on input line 634.
 (./paper-jsdse.aux)
Package atveryend Info: Executing hook `AtVeryEndDocument' on input line 634.
Package atveryend Info: Empty hook `AtEndAfterFileList' on input line 634.
 ) 
Here is how much of TeX's memory you used:
 18243 strings out of 480488
 334219 string characters out of 5899970
 593929 words of memory out of 5000000
 33798 multiletter control sequences out of 15000+600000
 539827 words of font info for 50 fonts, out of 8000000 for 9000
 1141 hyphenation exceptions out of 8191
 59i,9n,75p,1104b,571s stack positions out of 5000i,500n,10000p,200000b,80000s
{/usr/local/texlive/2019/texmf-dist/fonts/enc/dvips/fontawesome/fontawesometw
o.enc}{/usr/local/texlive/2019/texmf-dist/fonts/enc/dvips/fontawesome/fontaweso
methree.enc}{/usr/local/texlive/2019/texmf-dist/fonts/enc/dvips/cm-super/cm-sup
er-ts1.enc}</usr/local/texlive/2019/texmf-dist/fonts/type1/public/fontawesome/F
ontAwesome.pfb></usr/local/texlive/2019/texmf-dist/fonts/type1/public/amsfonts/
cm/cmbx10.pfb></usr/local/texlive/2019/texmf-dist/fonts/type1/public/amsfonts/c
m/cmbx12.pfb></usr/local/texlive/2019/texmf-dist/fonts/type1/public/amsfonts/cm
/cmmi12.pfb></usr/local/texlive/2019/texmf-dist/fonts/type1/public/amsfonts/cm/
cmmi8.pfb></usr/local/texlive/2019/texmf-dist/fonts/type1/public/amsfonts/cm/cm
r10.pfb></usr/local/texlive/2019/texmf-dist/fonts/type1/public/amsfonts/cm/cmr1
2.pfb></usr/local/texlive/2019/texmf-dist/fonts/type1/public/amsfonts/cm/cmsy10
.pfb></usr/local/texlive/2019/texmf-dist/fonts/type1/public/amsfonts/cm/cmti12.
pfb></usr/local/texlive/2019/texmf-dist/fonts/type1/public/amsfonts/cm/cmtt12.p
fb></usr/local/texlive/2019/texmf-dist/fonts/type1/public/cm-super/sfrm1200.pfb
>
Output written on paper-jsdse.pdf (27 pages, 919944 bytes).
PDF statistics:
 465 PDF objects out of 1000 (max. 8388607)
 403 compressed objects within 5 object streams
 111 named destinations out of 1000 (max. 500000)
 179 words of extra memory for PDF output out of 10000 (max. 10000000)

>>>>>>> e9174550e6e3a231aa9c7572667f6c47600e0929
